TN:
SF:assets/js/core/evaluator.js
FN:55,findReference
FN:56,(anonymous_1)
FN:66,calculateScore
FN:99,getVerdict
FN:108,filterScripts
FN:110,(anonymous_5)
FN:120,sanitize
FN:132,(anonymous_7)
FN:136,(anonymous_8)
FN:142,(anonymous_9)
FN:146,(anonymous_10)
FN:152,(anonymous_11)
FN:156,(anonymous_12)
FNF:13
FNH:13
FNDA:12,findReference
FNDA:67,(anonymous_1)
FNDA:9,calculateScore
FNDA:3,getVerdict
FNDA:6,filterScripts
FNDA:30,(anonymous_5)
FNDA:6,sanitize
FNDA:3,(anonymous_7)
FNDA:1,(anonymous_8)
FNDA:2,(anonymous_9)
FNDA:1,(anonymous_10)
FNDA:10,(anonymous_11)
FNDA:8,(anonymous_12)
DA:4,1
DA:19,1
DA:56,12
DA:57,67
DA:67,9
DA:68,9
DA:71,9
DA:72,9
DA:73,8
DA:76,9
DA:77,9
DA:78,7
DA:79,7
DA:80,7
DA:81,4
DA:82,2
DA:83,1
DA:85,2
DA:89,9
DA:90,7
DA:92,9
DA:93,9
DA:100,3
DA:101,2
DA:102,1
DA:109,6
DA:110,6
DA:111,30
DA:121,6
DA:131,1
DA:133,3
DA:137,1
DA:138,1
DA:139,1
DA:143,2
DA:147,1
DA:148,1
DA:149,1
DA:153,10
DA:157,8
DA:158,8
DA:159,8
DA:160,8
DA:161,8
LF:44
LH:44
BRDA:57,0,0,67
BRDA:57,0,1,62
BRDA:57,0,2,17
BRDA:72,1,0,1
BRDA:72,1,1,8
BRDA:73,2,0,3
BRDA:73,2,1,5
BRDA:77,3,0,7
BRDA:77,3,1,2
BRDA:80,4,0,3
BRDA:80,4,1,4
BRDA:81,5,0,2
BRDA:81,5,1,2
BRDA:82,6,0,1
BRDA:82,6,1,1
BRDA:89,7,0,2
BRDA:89,7,1,7
BRDA:90,8,0,1
BRDA:90,8,1,6
BRDA:100,9,0,1
BRDA:100,9,1,2
BRDA:101,10,0,1
BRDA:101,10,1,1
BRDA:111,11,0,30
BRDA:111,11,1,22
BRDA:111,11,2,20
BRDA:133,12,0,3
BRDA:133,12,1,2
BRDA:143,13,0,2
BRDA:143,13,1,1
BRDA:153,14,0,10
BRDA:153,14,1,2
BRDA:160,15,0,2
BRDA:160,15,1,6
BRF:34
BRH:34
end_of_record
